<?xml version="1.0" encoding="UTF-8"?>
<testsuites name="Mocha Tests" time="2727.3510" tests="6" failures="1">
  <testsuite name="Root Suite" timestamp="2022-07-18T08:06:51" tests="0" time="0.0000" failures="0">
  </testsuite>
  <testsuite name="SYNC_HELMBLUGREENCLEANUP_STEP - HelmBlueGreenCleanup Sync Tests" timestamp="2022-07-18T08:06:51" tests="6" file="/var/opt/jfrog/pipelines/data/iTest/runs/952964/steps/step_sync_tests/7396960/setup_PreMatrix/tests/core/steps/Sync/HelmBlueGreenCleanup.js" time="2727.3460" failures="1">
    <testcase name="SYNC_HELMBLUGREENCLEANUP_STEP - HelmBlueGreenCleanup Sync Tests S-SYC-HBGCleanUp-5978-0001 User adds a pipeline Source with HelmBlueGreenCleanUp step with all required configuration properties. Verify if pipeline Sync goes to succeed." time="17.4930" classname="S-SYC-HBGCleanUp-5978-0001 User adds a pipeline Source with HelmBlueGreenCleanUp step with all required configuration properties. Verify if pipeline Sync goes to succeed.">
    </testcase>
    <testcase name="SYNC_HELMBLUGREENCLEANUP_STEP - HelmBlueGreenCleanup Sync Tests S-SYC-HBGCleanUp-5978-0002 User adds a pipeline Source with HelmBlueGreenCleanUp missing deployStep property. verify if pipeline sync fails." time="17.9640" classname="S-SYC-HBGCleanUp-5978-0002 User adds a pipeline Source with HelmBlueGreenCleanUp missing deployStep property. verify if pipeline sync fails.">
    </testcase>
    <testcase name="SYNC_HELMBLUGREENCLEANUP_STEP - HelmBlueGreenCleanup Sync Tests S-SYC-HBGCleanUp-5978-0003 User adds pipeline source with HelmBlueGreenCleanUp missing kubernetes integration. verify if pipeline sync fails." time="57.5890" classname="S-SYC-HBGCleanUp-5978-0003 User adds pipeline source with HelmBlueGreenCleanUp missing kubernetes integration. verify if pipeline sync fails.">
    </testcase>
    <testcase name="SYNC_HELMBLUGREENCLEANUP_STEP - HelmBlueGreenCleanup Sync Tests S-SYC-HBGCleanUp-5978-0004 User adds pipeline source with HelmBlueGreenCleanUp only. Verify if pipelines sync fails." time="1108.6710" classname="S-SYC-HBGCleanUp-5978-0004 User adds pipeline source with HelmBlueGreenCleanUp only. Verify if pipelines sync fails.">
      <failure message="Sync failed Error: 180|expectedStatusCode:4003 Max number of back-offs reached
    at Backoff.&lt;anonymous&gt; (/var/opt/jfrog/pipelines/data/iTest/runs/952964/steps/step_sync_tests/7396960/setup_PreMatrix/tests/globalWrapper/getPipelineSyncStatus.js:135:11)
    at Backoff.emit (events.js:376:20)
    at Backoff.backoff (/var/opt/jfrog/pipelines/data/iTest/runs/952964/steps/step_sync_tests/7396960/setup_PreMatrix/tests/node_modules/backoff/lib/backoff.js:41:14)
    at /var/opt/jfrog/pipelines/data/iTest/runs/952964/steps/step_sync_tests/7396960/setup_PreMatrix/tests/globalWrapper/getPipelineSyncStatus.js:120:28
    at /var/opt/jfrog/pipelines/data/iTest/runs/952964/steps/step_sync_tests/7396960/setup_PreMatrix/tests/_common/pipelines/Adapter.js:2694:9
    at /var/opt/jfrog/pipelines/data/iTest/runs/952964/steps/step_sync_tests/7396960/setup_PreMatrix/tests/node_modules/async/dist/async.js:2959:19
    at wrapper (/var/opt/jfrog/pipelines/data/iTest/runs/952964/steps/step_sync_tests/7396960/setup_PreMatrix/tests/node_modules/async/dist/async.js:272:20)
    at replenish (/var/opt/jfrog/pipelines/data/iTest/runs/952964/steps/step_sync_tests/7396960/setup_PreMatrix/tests/node_modules/async/dist/async.js:439:29)
    at iterateeCallback (/var/opt/jfrog/pipelines/data/iTest/runs/952964/steps/step_sync_tests/7396960/setup_PreMatrix/tests/node_modules/async/dist/async.js:428:21)
    at /var/opt/jfrog/pipelines/data/iTest/runs/952964/steps/step_sync_tests/7396960/setup_PreMatrix/tests/node_modules/async/dist/async.js:325:20
    at /var/opt/jfrog/pipelines/data/iTest/runs/952964/steps/step_sync_tests/7396960/setup_PreMatrix/tests/node_modules/async/dist/async.js:2957:17
    at Request._callback (/var/opt/jfrog/pipelines/data/iTest/runs/952964/steps/step_sync_tests/7396960/setup_PreMatrix/tests/_common/utils.js:128:16)
    at Request.self.callback (/var/opt/jfrog/pipelines/data/iTest/runs/952964/steps/step_sync_tests/7396960/setup_PreMatrix/tests/node_modules/request/request.js:188:22)
    at Request.emit (events.js:376:20)
    at Request.&lt;anonymous&gt; (/var/opt/jfrog/pipelines/data/iTest/runs/952964/steps/step_sync_tests/7396960/setup_PreMatrix/tests/node_modules/request/request.js:1171:10)
    at Request.emit (events.js:376:20)
    at IncomingMessage.&lt;anonymous&gt; (/var/opt/jfrog/pipelines/data/iTest/runs/952964/steps/step_sync_tests/7396960/setup_PreMatrix/tests/node_modules/request/request.js:1091:12)
    at Object.onceWrapper (events.js:482:28)
    at IncomingMessage.emit (events.js:388:22)
    at endReadableNT (internal/streams/readable.js:1336:12)
    at processTicksAndRejections (internal/process/task_queues.js:82:21)" type="Error"><![CDATA[Error: Sync failed Error: 180|expectedStatusCode:4003 Max number of back-offs reached
    at Backoff.<anonymous> (globalWrapper/getPipelineSyncStatus.js:135:11)
    at Backoff.backoff (node_modules/backoff/lib/backoff.js:41:14)
    at /var/opt/jfrog/pipelines/data/iTest/runs/952964/steps/step_sync_tests/7396960/setup_PreMatrix/tests/globalWrapper/getPipelineSyncStatus.js:120:28
    at /var/opt/jfrog/pipelines/data/iTest/runs/952964/steps/step_sync_tests/7396960/setup_PreMatrix/tests/_common/pipelines/Adapter.js:2694:9
    at /var/opt/jfrog/pipelines/data/iTest/runs/952964/steps/step_sync_tests/7396960/setup_PreMatrix/tests/node_modules/async/dist/async.js:2959:19
    at wrapper (node_modules/async/dist/async.js:272:20)
    at replenish (node_modules/async/dist/async.js:439:29)
    at iterateeCallback (node_modules/async/dist/async.js:428:21)
    at /var/opt/jfrog/pipelines/data/iTest/runs/952964/steps/step_sync_tests/7396960/setup_PreMatrix/tests/node_modules/async/dist/async.js:325:20
    at /var/opt/jfrog/pipelines/data/iTest/runs/952964/steps/step_sync_tests/7396960/setup_PreMatrix/tests/node_modules/async/dist/async.js:2957:17
    at Request._callback (_common/utils.js:128:16)
    at Request.self.callback (node_modules/request/request.js:188:22)
    at Request.<anonymous> (node_modules/request/request.js:1171:10)
    at IncomingMessage.<anonymous> (node_modules/request/request.js:1091:12)
    at endReadableNT (internal/streams/readable.js:1336:12)
    at processTicksAndRejections (internal/process/task_queues.js:82:21)
    at /var/opt/jfrog/pipelines/data/iTest/runs/952964/steps/step_sync_tests/7396960/setup_PreMatrix/tests/globalWrapper/postAndSyncPipelineSourceAsUser.js:151:29
    at Backoff.<anonymous> (globalWrapper/getPipelineSyncStatus.js:134:16)
    at Backoff.backoff (node_modules/backoff/lib/backoff.js:41:14)
    at /var/opt/jfrog/pipelines/data/iTest/runs/952964/steps/step_sync_tests/7396960/setup_PreMatrix/tests/globalWrapper/getPipelineSyncStatus.js:120:28
    at /var/opt/jfrog/pipelines/data/iTest/runs/952964/steps/step_sync_tests/7396960/setup_PreMatrix/tests/_common/pipelines/Adapter.js:2694:9
    at /var/opt/jfrog/pipelines/data/iTest/runs/952964/steps/step_sync_tests/7396960/setup_PreMatrix/tests/node_modules/async/dist/async.js:2959:19
    at wrapper (node_modules/async/dist/async.js:272:20)
    at replenish (node_modules/async/dist/async.js:439:29)
    at iterateeCallback (node_modules/async/dist/async.js:428:21)
    at /var/opt/jfrog/pipelines/data/iTest/runs/952964/steps/step_sync_tests/7396960/setup_PreMatrix/tests/node_modules/async/dist/async.js:325:20
    at /var/opt/jfrog/pipelines/data/iTest/runs/952964/steps/step_sync_tests/7396960/setup_PreMatrix/tests/node_modules/async/dist/async.js:2957:17
    at Request._callback (_common/utils.js:128:16)
    at Request.self.callback (node_modules/request/request.js:188:22)
    at Request.<anonymous> (node_modules/request/request.js:1171:10)
    at IncomingMessage.<anonymous> (node_modules/request/request.js:1091:12)
    at endReadableNT (internal/streams/readable.js:1336:12)
    at processTicksAndRejections (internal/process/task_queues.js:82:21)]]></failure>
    </testcase>
    <testcase name="SYNC_HELMBLUGREENCLEANUP_STEP - HelmBlueGreenCleanup Sync Tests S-SYC-HBGCleanUp-5933-001 User adds a HelmBlueGreenCleanup step with the Kubernetes integration at the pipeline level.  Sync is successful." time="981.6060" classname="S-SYC-HBGCleanUp-5933-001 User adds a HelmBlueGreenCleanup step with the Kubernetes integration at the pipeline level.  Sync is successful.">
    </testcase>
    <testcase name="SYNC_HELMBLUGREENCLEANUP_STEP - HelmBlueGreenCleanup Sync Tests S-SYC-HBGCleanUp-5933-002 User adds a HelmBlueGreenCleanup step with Kubernetes integrations at the pipeline and step levels.  Sync fails." time="543.9440" classname="S-SYC-HBGCleanUp-5933-002 User adds a HelmBlueGreenCleanup step with Kubernetes integrations at the pipeline and step levels.  Sync fails.">
    </testcase>
  </testsuite>
</testsuites>
